0 info it worked if it ends with ok
1 verbose cli [ '/usr/local/bin/node',
1 verbose cli   '/usr/local/bin/npm',
1 verbose cli   'install',
1 verbose cli   '--save',
1 verbose cli   'passport',
1 verbose cli   '-g' ]
2 info using npm@2.14.20
3 info using node@v4.4.1
4 verbose install initial load of /usr/local/lib/package.json
5 verbose readDependencies loading dependencies from /usr/local/lib/package.json
6 silly cache add args [ 'passport', null ]
7 verbose cache add spec passport
8 silly cache add parsed spec Result {
8 silly cache add   raw: 'passport',
8 silly cache add   scope: null,
8 silly cache add   name: 'passport',
8 silly cache add   rawSpec: '',
8 silly cache add   spec: 'latest',
8 silly cache add   type: 'tag' }
9 silly addNamed passport@latest
10 verbose addNamed "latest" is being treated as a dist-tag for passport
11 info addNameTag [ 'passport', 'latest' ]
12 silly mapToRegistry name passport
13 silly mapToRegistry using default registry
14 silly mapToRegistry registry https://registry.npmjs.org/
15 silly mapToRegistry uri https://registry.npmjs.org/passport
16 verbose addNameTag registry:https://registry.npmjs.org/passport not in flight; fetching
17 verbose request uri https://registry.npmjs.org/passport
18 verbose request no auth needed
19 info attempt registry request try #1 at 1:12:42 PM
20 verbose request id e94b3b50a1655aa7
21 verbose etag "9U599RSGDRB7RQ3MEWDEEG7T3"
22 http request GET https://registry.npmjs.org/passport
23 http 304 https://registry.npmjs.org/passport
24 verbose headers { date: 'Mon, 04 Apr 2016 17:12:43 GMT',
24 verbose headers   via: '1.1 varnish',
24 verbose headers   'cache-control': 'max-age=300',
24 verbose headers   etag: '"9U599RSGDRB7RQ3MEWDEEG7T3"',
24 verbose headers   age: '148',
24 verbose headers   connection: 'keep-alive',
24 verbose headers   'x-served-by': 'cache-jfk1020-JFK',
24 verbose headers   'x-cache': 'HIT',
24 verbose headers   'x-cache-hits': '1',
24 verbose headers   'x-timer': 'S1459789963.194206,VS0,VE0',
24 verbose headers   vary: 'Accept' }
25 silly get cb [ 304,
25 silly get   { date: 'Mon, 04 Apr 2016 17:12:43 GMT',
25 silly get     via: '1.1 varnish',
25 silly get     'cache-control': 'max-age=300',
25 silly get     etag: '"9U599RSGDRB7RQ3MEWDEEG7T3"',
25 silly get     age: '148',
25 silly get     connection: 'keep-alive',
25 silly get     'x-served-by': 'cache-jfk1020-JFK',
25 silly get     'x-cache': 'HIT',
25 silly get     'x-cache-hits': '1',
25 silly get     'x-timer': 'S1459789963.194206,VS0,VE0',
25 silly get     vary: 'Accept' } ]
26 verbose etag https://registry.npmjs.org/passport from cache
27 verbose get saving passport to /Users/Kaeto/.npm/registry.npmjs.org/passport/.cache.json
28 verbose correctMkdir /Users/Kaeto/.npm correctMkdir not in flight; initializing
29 silly addNameTag next cb for passport with tag latest
30 silly addNamed passport@0.3.2
31 verbose addNamed "0.3.2" is a plain semver version for passport
32 silly cache afterAdd passport@0.3.2
33 verbose afterAdd /Users/Kaeto/.npm/passport/0.3.2/package/package.json not in flight; writing
34 verbose correctMkdir /Users/Kaeto/.npm correctMkdir not in flight; initializing
35 verbose afterAdd /Users/Kaeto/.npm/passport/0.3.2/package/package.json written
36 silly install resolved [ { name: 'passport',
36 silly install resolved     version: '0.3.2',
36 silly install resolved     description: 'Simple, unobtrusive authentication for Node.js.',
36 silly install resolved     keywords: [ 'express', 'connect', 'auth', 'authn', 'authentication' ],
36 silly install resolved     author:
36 silly install resolved      { name: 'Jared Hanson',
36 silly install resolved        email: 'jaredhanson@gmail.com',
36 silly install resolved        url: 'http://www.jaredhanson.net/' },
36 silly install resolved     homepage: 'http://passportjs.org/',
36 silly install resolved     repository:
36 silly install resolved      { type: 'git',
36 silly install resolved        url: 'git://github.com/jaredhanson/passport.git' },
36 silly install resolved     bugs: { url: 'http://github.com/jaredhanson/passport/issues' },
36 silly install resolved     license: 'MIT',
36 silly install resolved     licenses: [ [Object] ],
36 silly install resolved     main: './lib',
36 silly install resolved     dependencies: { 'passport-strategy': '1.x.x', pause: '0.0.1' },
36 silly install resolved     devDependencies:
36 silly install resolved      { mocha: '2.x.x',
36 silly install resolved        chai: '2.x.x',
36 silly install resolved        'chai-connect-middleware': '0.3.x',
36 silly install resolved        'chai-passport-strategy': '0.2.x',
36 silly install resolved        proxyquire: '1.x.x' },
36 silly install resolved     engines: { node: '>= 0.4.0' },
36 silly install resolved     scripts: { test: 'mocha --reporter spec --require test/bootstrap/node test/*.test.js test/**/*.test.js' },
36 silly install resolved     gitHead: 'ee57813037914642906aa9ed9e1c9ecbebf905ff',
36 silly install resolved     _id: 'passport@0.3.2',
36 silly install resolved     _shasum: '9dd009f915e8fe095b0124a01b8f82da07510102',
36 silly install resolved     _from: 'passport@latest',
36 silly install resolved     _npmVersion: '1.4.28',
36 silly install resolved     _npmUser: { name: 'jaredhanson', email: 'jaredhanson@gmail.com' },
36 silly install resolved     maintainers: [ [Object] ],
36 silly install resolved     dist:
36 silly install resolved      { shasum: '9dd009f915e8fe095b0124a01b8f82da07510102',
36 silly install resolved        tarball: 'https://registry.npmjs.org/passport/-/passport-0.3.2.tgz' },
36 silly install resolved     directories: {},
36 silly install resolved     _resolved: 'https://registry.npmjs.org/passport/-/passport-0.3.2.tgz',
36 silly install resolved     readme: 'ERROR: No README data found!' } ]
37 info install passport@0.3.2 into /usr/local/lib
38 info installOne passport@0.3.2
39 verbose installOne of passport to /usr/local/lib not in flight; installing
40 verbose correctMkdir /Users/Kaeto/.npm/_locks correctMkdir not in flight; initializing
41 verbose lock using /Users/Kaeto/.npm/_locks/passport-c8d72ec4a80b9ead.lock for /usr/local/lib/node_modules/passport
42 silly install write writing passport 0.3.2 to /usr/local/lib/node_modules/passport
43 verbose unbuild lib/node_modules/passport
44 silly gentlyRm /usr/local/lib/node_modules/passport is being purged from base /usr/local
45 verbose gentlyRm don't care about contents; nuking /usr/local/lib/node_modules/passport
46 verbose tar unpack /Users/Kaeto/.npm/passport/0.3.2/package.tgz
47 verbose tar unpacking to /usr/local/lib/node_modules/passport
48 silly gentlyRm /usr/local/lib/node_modules/passport is being purged
49 verbose gentlyRm don't care about contents; nuking /usr/local/lib/node_modules/passport
50 silly gunzTarPerm modes [ '755', '644' ]
51 error tar.unpack untar error /Users/Kaeto/.npm/passport/0.3.2/package.tgz
52 verbose unlock done using /Users/Kaeto/.npm/_locks/passport-c8d72ec4a80b9ead.lock for /usr/local/lib/node_modules/passport
53 verbose fstream_path /usr/local/lib/node_modules/passport
54 verbose fstream_type Directory
55 verbose fstream_class DirWriter
56 verbose stack Error: EACCES: permission denied, mkdir '/usr/local/lib/node_modules/passport'
56 verbose stack     at Error (native)
57 verbose fstream_stack /usr/local/lib/node_modules/npm/node_modules/fstream/lib/dir-writer.js:35:25
57 verbose fstream_stack /usr/local/lib/node_modules/npm/node_modules/mkdirp/index.js:47:53
57 verbose fstream_stack FSReqWrap.oncomplete (fs.js:82:15)
58 verbose cwd /Users/Kaeto/Desktop/Node1
59 error Darwin 15.3.0
60 error argv "/usr/local/bin/node" "/usr/local/bin/npm" "install" "--save" "passport" "-g"
61 error node v4.4.1
62 error npm  v2.14.20
63 error path /usr/local/lib/node_modules/passport
64 error code EACCES
65 error errno -13
66 error syscall mkdir
67 error Error: EACCES: permission denied, mkdir '/usr/local/lib/node_modules/passport'
67 error     at Error (native)
67 error  { [Error: EACCES: permission denied, mkdir '/usr/local/lib/node_modules/passport']
67 error   errno: -13,
67 error   code: 'EACCES',
67 error   syscall: 'mkdir',
67 error   path: '/usr/local/lib/node_modules/passport',
67 error   fstream_type: 'Directory',
67 error   fstream_path: '/usr/local/lib/node_modules/passport',
67 error   fstream_class: 'DirWriter',
67 error   fstream_stack:
67 error    [ '/usr/local/lib/node_modules/npm/node_modules/fstream/lib/dir-writer.js:35:25',
67 error      '/usr/local/lib/node_modules/npm/node_modules/mkdirp/index.js:47:53',
67 error      'FSReqWrap.oncomplete (fs.js:82:15)' ] }
68 error Please try running this command again as root/Administrator.
69 verbose exit [ -13, true ]
70 verbose unbuild lib/node_modules/passport
71 silly gentlyRm /usr/local/lib/node_modules/passport is being purged from base /usr/local
72 verbose gentlyRm don't care about contents; nuking /usr/local/lib/node_modules/passport
